2013/01/16 10:47:10 INFO main:: CreateCRUDProcs.pl (393) - SEI - CreateCRUDProcs 1.0.0.4 Begin 01/16/2013 10:47:10
2013/01/16 10:47:10 INFO main::ProcessTable CreateCRUDProcs.pl (551) - processing table dbo.ADDRESS
2013/01/16 10:47:10 INFO main::ProcessTable CreateCRUDProcs.pl (551) - processing table dbo.ADDRESS_TYPE
2013/01/16 10:47:10 INFO main::ProcessTable CreateCRUDProcs.pl (551) - processing table dbo.ALLOWABLE_PARAMETER
2013/01/16 10:47:10 INFO main::ProcessTable CreateCRUDProcs.pl (551) - processing table dbo.AUDIT_TRAIL
2013/01/16 10:47:10 INFO main::ProcessTable CreateCRUDProcs.pl (551) - processing table dbo.COMPONENT_PARAMETER
2013/01/16 10:47:10 INFO main::ProcessTable CreateCRUDProcs.pl (551) - processing table dbo.COMPONENT_TYPE
2013/01/16 10:47:10 INFO main::ProcessTable CreateCRUDProcs.pl (551) - processing table dbo.CONTACT
2013/01/16 10:47:11 INFO main::ProcessTable CreateCRUDProcs.pl (551) - processing table dbo.CONTACT_METHOD
2013/01/16 10:47:11 INFO main::ProcessTable CreateCRUDProcs.pl (551) - processing table dbo.CONTACT_TYPE
2013/01/16 10:47:11 INFO main::ProcessTable CreateCRUDProcs.pl (551) - processing table dbo.CREDENTIAL
2013/01/16 10:47:11 INFO main::ProcessTable CreateCRUDProcs.pl (551) - processing table dbo.CREDENTIAL_TYPE
2013/01/16 10:47:11 INFO main::ProcessTable CreateCRUDProcs.pl (551) - processing table dbo.DATA_TYPE
2013/01/16 10:47:11 INFO main::ProcessTable CreateCRUDProcs.pl (551) - processing table dbo.DB_CONTROL
2013/01/16 10:47:11 INFO main::ProcessTable CreateCRUDProcs.pl (551) - processing table dbo.DB_CONTROL_HISTORY
2013/01/16 10:47:11 INFO main::ProcessTable CreateCRUDProcs.pl (551) - processing table dbo.ENVIRONMENT_TYPE
2013/01/16 10:47:11 INFO main::ProcessTable CreateCRUDProcs.pl (551) - processing table dbo.GENERATE_NAME
2013/01/16 10:47:11 INFO main::ProcessTable CreateCRUDProcs.pl (551) - processing table dbo.INSTALL_STATE
2013/01/16 10:47:11 INFO main::ProcessTable CreateCRUDProcs.pl (551) - processing table dbo.INSTALL_USER
2013/01/16 10:47:11 INFO main::ProcessTable CreateCRUDProcs.pl (551) - processing table dbo.JOB
2013/01/16 10:47:11 INFO main::ProcessTable CreateCRUDProcs.pl (551) - processing table dbo.JOB_TYPE
2013/01/16 10:47:11 INFO main::ProcessTable CreateCRUDProcs.pl (551) - processing table dbo.LICENSE_TYPE
2013/01/16 10:47:11 INFO main::ProcessTable CreateCRUDProcs.pl (551) - processing table dbo.LOG_DETAIL
2013/01/16 10:47:12 INFO main::ProcessTable CreateCRUDProcs.pl (551) - processing table dbo.LOG_LEVEL
2013/01/16 10:47:12 INFO main::ProcessTable CreateCRUDProcs.pl (551) - processing table dbo.LOG_SPEC
2013/01/16 10:47:12 INFO main::ProcessTable CreateCRUDProcs.pl (551) - processing table dbo.ORGANIZATION
2013/01/16 10:47:12 INFO main::ProcessTable CreateCRUDProcs.pl (551) - processing table dbo.PARAMETER_USAGE
2013/01/16 10:47:12 INFO main::ProcessTable CreateCRUDProcs.pl (551) - processing table dbo.PARM_DOMAIN
2013/01/16 10:47:12 INFO main::ProcessTable CreateCRUDProcs.pl (551) - processing table dbo.PEOPLE
2013/01/16 10:47:12 INFO main::ProcessTable CreateCRUDProcs.pl (551) - processing table dbo.PRODUCT
2013/01/16 10:47:12 INFO main::ProcessTable CreateCRUDProcs.pl (551) - processing table dbo.PRODUCT_COMPATIBLE
2013/01/16 10:47:12 INFO main::ProcessTable CreateCRUDProcs.pl (551) - processing table dbo.PRODUCT_COMPONENT
2013/01/16 10:47:12 INFO main::ProcessTable CreateCRUDProcs.pl (551) - processing table dbo.PRODUCT_ELIGIBILITY
2013/01/16 10:47:12 INFO main::ProcessTable CreateCRUDProcs.pl (551) - processing table dbo.PRODUCT_INSTALLATION
2013/01/16 10:47:12 INFO main::ProcessTable CreateCRUDProcs.pl (551) - processing table dbo.PRODUCT_TYPE
2013/01/16 10:47:12 INFO main::ProcessTable CreateCRUDProcs.pl (551) - processing table dbo.PRODUCT_VERSION
2013/01/16 10:47:12 INFO main::ProcessTable CreateCRUDProcs.pl (551) - processing table dbo.RELATED_SERVER
2013/01/16 10:47:13 INFO main::ProcessTable CreateCRUDProcs.pl (551) - processing table dbo.SCHEDULE
2013/01/16 10:47:13 INFO main::ProcessTable CreateCRUDProcs.pl (551) - processing table dbo.SCHEDULE_DETAIL
2013/01/16 10:47:13 INFO main::ProcessTable CreateCRUDProcs.pl (551) - processing table dbo.SERVER
2013/01/16 10:47:13 INFO main::ProcessTable CreateCRUDProcs.pl (551) - processing table dbo.SERVER_RELATIONSHIP
2013/01/16 10:47:13 INFO main::ProcessTable CreateCRUDProcs.pl (551) - processing table dbo.TASK
2013/01/16 10:47:13 INFO main::ProcessTable CreateCRUDProcs.pl (551) - processing table dbo.TASK_INSTANCE
2013/01/16 10:47:13 INFO main::ProcessTable CreateCRUDProcs.pl (551) - processing table dbo.TASK_LOG
2013/01/16 10:47:13 INFO main::ProcessTable CreateCRUDProcs.pl (551) - processing table dbo.TASK_STATUS
2013/01/16 10:47:13 INFO main::ProcessTable CreateCRUDProcs.pl (551) - processing table dbo.TASK_TYPE
2013/01/16 10:47:13 INFO main:: CreateCRUDProcs.pl (403) - SEI - CreateCRUDProcs 1.0.0.4 Ended 01/16/2013 10:47:13
