DBBuild starting on 20130116_073540 
 
ALLUSERSPROFILE=C:\ProgramData
APPDATA=C:\Users\pobrien\AppData\Roaming
CLASSPATH=C:\Program Files (x86)\IBM\WebSphere MQ\Java\lib\providerutil.jar;C:\Program Files (x86)\IBM\WebSphere MQ\Java\lib\com.ibm.mqjms.jar;C:\Program Files (x86)\IBM\WebSphere MQ\Java\lib\ldap.jar;C:\Program Files (x86)\IBM\WebSphere MQ\Java\lib\jta.jar;C:\Program Files (x86)\IBM\WebSphere MQ\Java\lib\jndi.jar;C:\Program Files (x86)\IBM\WebSphere MQ\Java\lib\jms.jar;C:\Program Files (x86)\IBM\WebSphere MQ\Java\lib\connector.jar;C:\Program Files (x86)\IBM\WebSphere MQ\Java\lib\fscontext.jar;C:\Program Files (x86)\IBM\WebSphere MQ\Java\lib\com.ibm.mq.jar
CommonProgramFiles=C:\Program Files\Common Files
CommonProgramFiles(x86)=C:\Program Files (x86)\Common Files
CommonProgramW6432=C:\Program Files\Common Files
COMPUTERNAME=PWOBRIEN
ComSpec=C:\Windows\system32\cmd.exe
CURRENT_DT=20130116_073540
DBBuild_Server_List=D:\ODR\InstallPoint\Docs\DBBuild_Server_List.txt
ErrMsg="Invalid Input_File_List variable"
FP_NO_HOST_CHECK=NO
HOMEDRIVE=C:
HOMEPATH=\Users\pobrien
include=C:\Program Files (x86)\IBM\WebSphere MQ\tools\c\include;C:\Program Files (x86)\IBM\WebSphere MQ\tools\cplus\include
Input_File_List=D:\ODR\InstallPoint\Docs\DBBuild_Input_File_List.Txt
lib=C:\Program Files (x86)\IBM\WebSphere MQ\tools\lib
LOCALAPPDATA=C:\Users\pobrien\AppData\Local
LogDir=D:\ODR\InstallPoint\Logs
LogFile=D:\ODR\InstallPoint\Logs\DBBuild_20130116_073540.log
LOGONSERVER=\\POLARIS
MQ_JAVA_DATA_PATH=C:\Program Files (x86)\IBM\WebSphere MQ
MQ_JAVA_INSTALL_PATH=C:\Program Files (x86)\IBM\WebSphere MQ\Java
MQ_JAVA_LIB_PATH=C:\Program Files (x86)\IBM\WebSphere MQ\Java\lib
mydate=20130116
mytime=073540
NUMBER_OF_PROCESSORS=8
OS=Windows_NT
Path=C:\Program Files (x86)\CollabNet;C:\Program Files (x86)\Embarcadero\RAD Studio\9.0\bin;C:\Users\Public\Documents\RAD Studio\9.0\Bpl;C:\Program Files (x86)\Embarcadero\RAD Studio\9.0\bin64;C:\Users\Public\Documents\RAD Studio\9.0\Bpl\Win64;D:\Oracle\product\11.2.0\dbhome\bin;C:\Program Files (x86)\IBM\WebSphere MQ\Java\lib;C:\Program Files (x86)\NVIDIA Corporation\PhysX\Common;C:\Program Files (x86)\ActiveState Komodo IDE 7\;C:\Perl\site\bin;C:\Perl\bin;C:\Windows\system32;C:\Windows;C:\Windows\System32\Wbem;C:\Windows\System32\WindowsPowerShell\v1.0\;D:\Batch;C:\Program Files\Microsoft SQL Server\110\DTS\Binn\;C:\Program Files (x86)\Microsoft SQL Server\110\Tools\Binn\;C:\Program Files\Microsoft SQL Server\110\Tools\Binn\;C:\Program Files (x86)\Microsoft SQL Server\110\Tools\Binn\ManagementStudio\;C:\Program Files (x86)\Microsoft Visual Studio 10.0\Common7\IDE\PrivateAssemblies\;C:\Program Files (x86)\Microsoft SQL Server\110\DTS\Binn\;C:\Program Files (x86)\Borland\StarTeam SDK 10.4\Lib;C:\Program Files (x86)\Borland\StarTeam SDK 10.4\Bin;C:\Program Files\TortoiseSVN\bin;C:\Program Files\7-Zip;C:\Program Files (x86)\E!PC\;C:\Program Files (x86)\IBM\WebSphere MQ\bin;C:\Program Files (x86)\IBM\WebSphere MQ\bin64
PATHEXT=.COM;.EXE;.BAT;.CMD;.VBS;.VBE;.JS;.JSE;.WSF;.WSH;.MSC;.PL
PROCESSOR_ARCHITECTURE=AMD64
PROCESSOR_IDENTIFIER=Intel64 Family 6 Model 58 Stepping 9, GenuineIntel
PROCESSOR_LEVEL=6
PROCESSOR_REVISION=3a09
ProgramData=C:\ProgramData
ProgramFiles=C:\Program Files
ProgramFiles(x86)=C:\Program Files (x86)
ProgramW6432=C:\Program Files
PROMPT=$P$G
PSModulePath=C:\Windows\system32\WindowsPowerShell\v1.0\Modules\;C:\Program Files (x86)\Microsoft SQL Server\110\Tools\PowerShell\Modules\
PUBLIC=C:\Users\Public
Rollback_Input_File_List=D:\ODR\InstallPoint\Docs\Rollback_Input_File_List.Txt
ROOTDIR=D:\ODR\InstallPoint
Script=EMPTY
SVN_File_List=D:\ODR\InstallPoint\Docs\SVN_Input_File_List.txt
SVN_Rollback_List=D:\ODR\InstallPoint\Docs\SVN_Rollback_File_List.txt
SystemDrive=C:
SystemRoot=C:\Windows
TEMP=C:\Users\pobrien\AppData\Local\Temp
TMP=C:\Users\pobrien\AppData\Local\Temp
USERDNSDOMAIN=CORP.SEIC.COM
USERDOMAIN=SEI-DOMAIN-1
USERNAME=POBrien
USERPROFILE=C:\Users\pobrien
VS100COMNTOOLS=C:\Program Files (x86)\Microsoft Visual Studio 10.0\Common7\Tools\
windir=C:\Windows
windows_tracing_flags=3
windows_tracing_logfile=C:\BVTBin\Tests\installpackage\csilogfile.log
 
Server is pwobrien,  Database is InstallPoint, Schema is dbo 
Connection to pwobrien.InstallPoint succeeded
Executing D:\ODR\InstallPoint\sqlscripts\Add_ADDRESS.SQL 
*** Aborted on error message "Executing file Add_ADDRESS.SQL" script Add_ADDRESS.SQL 20130116_073540 *** 
*** See log file D:\ODR\InstallPoint\Logs\Add_ADDRESS.SQL.out 
*** Aborted on error message "Executing file Add_ADDRESS.SQL" script Add_ADDRESS.SQL 20130116_073540 *** 
